0 info it worked if it ends with ok
1 verbose cli [
1 verbose cli   'C:\\Program Files\\nodejs\\node.exe',
1 verbose cli   'C:\\Program Files\\nodejs\\node_modules\\npm\\bin\\npm-cli.js',
1 verbose cli   'start'
1 verbose cli ]
2 info using npm@6.14.8
3 info using node@v14.15.1
4 verbose run-script [ 'prestart', 'start', 'poststart' ]
5 info lifecycle personalsite@1.0.0~prestart: personalsite@1.0.0
6 info lifecycle personalsite@1.0.0~start: personalsite@1.0.0
7 verbose lifecycle personalsite@1.0.0~start: unsafe-perm in lifecycle true
8 verbose lifecycle personalsite@1.0.0~start: PATH: C:\Program Files\nodejs\node_modules\npm\node_modules\npm-lifecycle\node-gyp-bin;C:\Users\Segal Au\Professional\portfolio\portfolio\node_modules\.bin;C:\Program Files\Git\mingw64\bin;C:\Program Files\Git\usr\bin;C:\Users\Segal Au\bin;C:\Program Files (x86)\VMware\VMware Player\bin;C:\WINDOWS\system32;C:\WINDOWS;C:\WINDOWS\System32\Wbem;C:\WINDOWS\System32\WindowsPowerShell\v1.0;C:\WINDOWS\System32\OpenSSH;C:\Program Files\Microsoft SQL Server\Client SDK\ODBC\170\Tools\Binn;C:\Program Files (x86)\Microsoft SQL Server\150\Tools\Binn;C:\Program Files\Microsoft SQL Server\150\Tools\Binn;C:\Program Files\Microsoft SQL Server\150\DTS\Binn;C:\Program Files\PuTTY;C:\Program Files\mingw-w64\x86_64-8.1.0-posix-seh-rt_v6-rev0\mingw64\bin;C:\Program Files\mingw-w64\x86_64-8.1.0-posix-seh-rt_v6-rev0\mingw64\bin\g++.exe;C:\ProgramData\chocolatey\bin;C:\Program Files\CMake\bin;C:\Program Files\Git\cmd;C:\Program Files (x86)\Microsoft SQL Server\150\DTS\Binn;C:\Program Files\Azure Data Studio\bin;C:\Users\Segal Au\java\jdk-11\bin;C:\Program Files (x86)\scala\bin;C:\Go\bin;C:\Users\Segal Au\AppData\Local\Programs\Python\Python39;C:\Program Files\nodejs;C:\Users\Segal Au\py4j\py4j-0.10.9.1.data\data\share\py4j;C:\Program Files\apache-maven-3.6.3\bin;C:\Program Files\Docker\Docker\resources\bin;C:\ProgramData\DockerDesktop\version-bin;C:\Users\Segal Au\AppData\Local\Programs\Python\Python39;C:\Users\Segal Au\java\jdk-11\bin;C:\Users\Segal Au\.cargo\bin;C:\Users\Segal Au\AppData\Local\Microsoft\WindowsApps;C:\Users\Segal Au\AppData\Local\Programs\Microsoft VS Code\bin;C:\MinGW\bin;C:\MinGW\bin\g++;C:\Users\Segal Au\AppData\Roaming\cabal\bin;C:\ProgramData\chocolatey\lib\ghc\tools\ghc-8.10.2\bin;C:\Program Files\Azure Data Studio\bin;C:\Users\Segal Au\go\bin;C:\Program Files\JetBrains\GoLand 2020.2.3\bin;C:\Users\Segal Au\AppData\Roaming\npm;C:\Users\Segal Au\AppData\Local\Programs\Python\Python39;C:\Users\Segal Au\AppData\Local\Programs\Python\Python39\Scripts;C:\Users\Segal Au\program_files\ChromeDriver
9 verbose lifecycle personalsite@1.0.0~start: CWD: C:\Users\Segal Au\Professional\portfolio\portfolio
10 silly lifecycle personalsite@1.0.0~start: Args: [ '/d /s /c', 'react-scripts start' ]
11 silly lifecycle personalsite@1.0.0~start: Returned: code: 1  signal: null
12 info lifecycle personalsite@1.0.0~start: Failed to exec start script
13 verbose stack Error: personalsite@1.0.0 start: `react-scripts start`
13 verbose stack Exit status 1
13 verbose stack     at EventEmitter.<anonymous> (C:\Program Files\nodejs\node_modules\npm\node_modules\npm-lifecycle\index.js:332:16)
13 verbose stack     at EventEmitter.emit (events.js:315:20)
13 verbose stack     at ChildProcess.<anonymous> (C:\Program Files\nodejs\node_modules\npm\node_modules\npm-lifecycle\lib\spawn.js:55:14)
13 verbose stack     at ChildProcess.emit (events.js:315:20)
13 verbose stack     at maybeClose (internal/child_process.js:1048:16)
13 verbose stack     at Process.ChildProcess._handle.onexit (internal/child_process.js:288:5)
14 verbose pkgid personalsite@1.0.0
15 verbose cwd C:\Users\Segal Au\Professional\portfolio\portfolio
16 verbose Windows_NT 10.0.19042
17 verbose argv "C:\\Program Files\\nodejs\\node.exe" "C:\\Program Files\\nodejs\\node_modules\\npm\\bin\\npm-cli.js" "start"
18 verbose node v14.15.1
19 verbose npm  v6.14.8
20 error code ELIFECYCLE
21 error errno 1
22 error personalsite@1.0.0 start: `react-scripts start`
22 error Exit status 1
23 error Failed at the personalsite@1.0.0 start script.
23 error This is probably not a problem with npm. There is likely additional logging output above.
24 verbose exit [ 1, true ]
